<?xml version="1.0" encoding="UTF-8"?>
<!-- Generated by org.testng.reporters.JUnitReportReporter -->
<testsuite hostname="AjithNS" failures="0" tests="1" name="client_Profile.PWA1_Profile" time="9.508" errors="0" timestamp="22 Jun 2021 13:52:56 GMT" skipped="0">
  <testcase classname="client_Profile.PWA1_Profile" name="Profile" time="9.508"/>
</testsuite> <!-- client_Profile.PWA1_Profile -->
