<?xml version="1.0" encoding="UTF-8"?>
<!-- Generated by org.testng.reporters.JUnitReportReporter -->
<testsuite hostname="AjithNS" failures="0" tests="1" name="superadmin_ManageProjects.BWS3_ViewProject" time="23.438" errors="0" timestamp="24 Jun 2021 11:11:05 GMT" skipped="0">
  <testcase classname="superadmin_ManageProjects.BWS3_ViewProject" name="Login" time="23.438"/>
</testsuite> <!-- superadmin_ManageProjects.BWS3_ViewProject -->
