<?xml version="1.0" encoding="UTF-8"?>
<!-- Generated by org.testng.reporters.JUnitReportReporter -->
<testsuite hostname="AjithNS" failures="0" tests="1" name="superadmin_ManageProjects.BWS5_FilterProject" time="28.769" errors="0" timestamp="23 Jun 2021 13:29:53 GMT" skipped="0">
  <testcase classname="superadmin_ManageProjects.BWS5_FilterProject" name="Login" time="28.769"/>
</testsuite> <!-- superadmin_ManageProjects.BWS5_FilterProject -->
