<?xml version="1.0" encoding="UTF-8"?>
<!-- Generated by org.testng.reporters.JUnitReportReporter -->
<testsuite hostname="AjithNS" failures="0" tests="1" name="client_Profile.PWA1_ClientProfile" time="10.656" errors="0" timestamp="23 Jun 2021 06:10:02 GMT" skipped="0">
  <testcase classname="client_Profile.PWA1_ClientProfile" name="Profile" time="10.656"/>
</testsuite> <!-- client_Profile.PWA1_ClientProfile -->
