<?xml version="1.0" encoding="UTF-8"?>
<!-- Generated by org.testng.reporters.JUnitReportReporter -->
<testsuite hostname="AjithNS" failures="0" tests="1" name="superadmin_ViewUser.BWS1_Login" time="18.319" errors="0" timestamp="17 Jun 2021 12:13:44 GMT" skipped="0">
  <testcase classname="superadmin_ViewUser.BWS1_Login" name="Login" time="18.319"/>
</testsuite> <!-- superadmin_ViewUser.BWS1_Login -->
