<?xml version="1.0" encoding="UTF-8"?>
<!-- Generated by org.testng.reporters.JUnitReportReporter -->
<testsuite hostname="AjithNS" failures="0" tests="1" name="superAdmin_Message.BWS2_AdminMessage" time="43.690" errors="0" timestamp="01 Jul 2021 13:38:23 GMT" skipped="0">
  <testcase classname="superAdmin_Message.BWS2_AdminMessage" name="Login" time="43.690"/>
</testsuite> <!-- superAdmin_Message.BWS2_AdminMessage -->
