<?xml version="1.0" encoding="UTF-8"?>
<!-- Generated by org.testng.reporters.JUnitReportReporter -->
<testsuite hostname="AjithNS" failures="0" tests="1" name="superAdmin_ManageAdmin.BWS7_DeleteAdmin" time="11.158" errors="0" timestamp="24 Jun 2021 13:47:49 GMT" skipped="0">
  <testcase classname="superAdmin_ManageAdmin.BWS7_DeleteAdmin" name="DeleteAdmin" time="11.158"/>
</testsuite> <!-- superAdmin_ManageAdmin.BWS7_DeleteAdmin -->
