<?xml version="1.0" encoding="UTF-8"?>
<!-- Generated by org.testng.reporters.JUnitReportReporter -->
<testsuite hostname="AjithNS" failures="0" tests="1" name="admin_ManageSurvey.BWS1_Login" time="23.306" errors="0" timestamp="01 Jul 2021 14:58:26 GMT" skipped="0">
  <testcase classname="admin_ManageSurvey.BWS1_Login" name="Login" time="23.306"/>
</testsuite> <!-- admin_ManageSurvey.BWS1_Login -->
