<?xml version="1.0" encoding="UTF-8"?>
<!-- Generated by org.testng.reporters.JUnitReportReporter -->
<testsuite hostname="AjithNS" failures="0" tests="1" name="superadmin_ManageProjects.BWS1_Login" time="31.480" errors="0" timestamp="30 Jun 2021 12:20:58 GMT" skipped="0">
  <testcase classname="superadmin_ManageProjects.BWS1_Login" name="Login" time="31.480"/>
</testsuite> <!-- superadmin_ManageProjects.BWS1_Login -->
