<?xml version="1.0" encoding="UTF-8"?>
<!-- Generated by org.testng.reporters.JUnitReportReporter -->
<testsuite hostname="AjithNS" failures="0" tests="1" name="superadmin_ManageProjects.BWS4_SearchProject" time="39.211" errors="0" timestamp="23 Jun 2021 12:52:35 GMT" skipped="0">
  <testcase classname="superadmin_ManageProjects.BWS4_SearchProject" name="Login" time="39.211"/>
</testsuite> <!-- superadmin_ManageProjects.BWS4_SearchProject -->
