<?xml version="1.0" encoding="UTF-8"?>
<!-- Generated by org.testng.reporters.JUnitReportReporter -->
<testsuite hostname="AjithNS" failures="0" tests="1" name="admin_ManageSurvey.BWS3_ViewSurvey" time="3.981" errors="0" timestamp="30 Jun 2021 11:49:17 GMT" skipped="0">
  <testcase classname="admin_ManageSurvey.BWS3_ViewSurvey" name="ViewSurvey" time="3.981"/>
</testsuite> <!-- admin_ManageSurvey.BWS3_ViewSurvey -->
