<?xml version="1.0" encoding="UTF-8"?>
<!-- Generated by org.testng.reporters.JUnitReportReporter -->
<testsuite hostname="AjithNS" failures="0" tests="1" name="admin_ManageUser.BWS5_SearchUser" time="21.460" errors="0" timestamp="10 Jun 2021 15:36:52 GMT" skipped="0">
  <testcase classname="admin_ManageUser.BWS5_SearchUser" name="SearchUser" time="21.460"/>
</testsuite> <!-- admin_ManageUser.BWS5_SearchUser -->
