<?xml version="1.0" encoding="UTF-8"?>
<!-- Generated by org.testng.reporters.JUnitReportReporter -->
<testsuite hostname="AjithNS" failures="0" tests="1" name="admin_ManageSurvey.BWS3_SearchSurvey" time="50.624" errors="0" timestamp="24 Jun 2021 07:41:39 GMT" skipped="0">
  <testcase classname="admin_ManageSurvey.BWS3_SearchSurvey" name="Login" time="50.624"/>
</testsuite> <!-- admin_ManageSurvey.BWS3_SearchSurvey -->
