<?xml version="1.0" encoding="UTF-8"?>
<!-- Generated by org.testng.reporters.JUnitReportReporter -->
<testsuite hostname="AjithNS" failures="0" tests="1" name="admin_ManageUser.BWS3_ViewUser" time="20.836" errors="0" timestamp="10 Jun 2021 15:12:22 GMT" skipped="0">
  <testcase classname="admin_ManageUser.BWS3_ViewUser" name="ViewUser" time="20.836"/>
</testsuite> <!-- admin_ManageUser.BWS3_ViewUser -->
