<?xml version="1.0" encoding="UTF-8"?>
<!-- Generated by org.testng.reporters.JUnitReportReporter -->
<testsuite hostname="AjithNS" failures="0" tests="1" name="admin_Message.BWS_AdminInbox" time="29.117" errors="0" timestamp="01 Jul 2021 14:00:54 GMT" skipped="0">
  <testcase classname="admin_Message.BWS_AdminInbox" name="Login" time="29.117"/>
</testsuite> <!-- admin_Message.BWS_AdminInbox -->
