<?xml version="1.0" encoding="UTF-8"?>
<!-- Generated by org.testng.reporters.JUnitReportReporter -->
<testsuite hostname="AjithNS" failures="0" tests="1" name="admin_ManageSurvey.BWS2_ManageSurvey" time="37.627" errors="0" timestamp="01 Jul 2021 15:41:38 GMT" skipped="0">
  <testcase classname="admin_ManageSurvey.BWS2_ManageSurvey" name="Login" time="37.627"/>
</testsuite> <!-- admin_ManageSurvey.BWS2_ManageSurvey -->
