<?xml version="1.0" encoding="UTF-8"?>
<!-- Generated by org.testng.reporters.JUnitReportReporter -->
<testsuite hostname="AjithNS" failures="0" tests="1" name="brandscapeModules.BWS1_Login" time="16.906" errors="0" timestamp="10 Jun 2021 08:53:47 GMT" skipped="0">
  <testcase classname="brandscapeModules.BWS1_Login" name="Login" time="16.906"/>
</testsuite> <!-- brandscapeModules.BWS1_Login -->
