<?xml version="1.0" encoding="UTF-8"?>
<!-- Generated by org.testng.reporters.JUnitReportReporter -->
<testsuite hostname="AjithNS" failures="0" tests="1" name="bandscape.Login.BrandscapeLogin" time="18.185" errors="0" timestamp="04 Jun 2021 10:58:32 GMT" skipped="0">
  <testcase classname="bandscape.Login.BrandscapeLogin" name="Login" time="18.185"/>
</testsuite> <!-- bandscape.Login.BrandscapeLogin -->
