<?xml version="1.0" encoding="UTF-8"?>
<!-- Generated by org.testng.reporters.JUnitReportReporter -->
<testsuite hostname="AjithNS" failures="0" tests="1" name="admin_ManageSurvey.BWS6_DeleteSurvey" time="9.519" errors="0" timestamp="30 Jun 2021 11:49:17 GMT" skipped="0">
  <testcase classname="admin_ManageSurvey.BWS6_DeleteSurvey" name="DeleteSurvey" time="9.519"/>
</testsuite> <!-- admin_ManageSurvey.BWS6_DeleteSurvey -->
