<?xml version="1.0" encoding="UTF-8"?>
<!-- Generated by org.testng.reporters.JUnitReportReporter -->
<testsuite hostname="AjithNS" failures="0" tests="1" name="admin_ForgotPassword.Admin_ForgotPassword" time="30.918" errors="0" timestamp="22 Jun 2021 18:01:25 GMT" skipped="0">
  <testcase classname="admin_ForgotPassword.Admin_ForgotPassword" name="ForgotPassword" time="30.918"/>
</testsuite> <!-- admin_ForgotPassword.Admin_ForgotPassword -->
