<?xml version="1.0" encoding="UTF-8"?>
<!-- Generated by org.testng.reporters.JUnitReportReporter -->
<testsuite hostname="AjithNS" failures="0" tests="1" name="superadmin_ViewUser.BWS5_SearchUser" time="12.672" errors="0" timestamp="15 Jun 2021 18:01:38 GMT" skipped="0">
  <testcase classname="superadmin_ViewUser.BWS5_SearchUser" name="SearchUser" time="12.672"/>
</testsuite> <!-- superadmin_ViewUser.BWS5_SearchUser -->
