<?xml version="1.0" encoding="UTF-8"?>
<!-- Generated by org.testng.reporters.JUnitReportReporter -->
<testsuite hostname="AjithNS" failures="0" tests="1" name="admin_ManageSurvey.BWS7_DeleteSurvey" time="33.224" errors="0" timestamp="24 Jun 2021 10:34:23 GMT" skipped="0">
  <testcase classname="admin_ManageSurvey.BWS7_DeleteSurvey" name="Login" time="33.224"/>
</testsuite> <!-- admin_ManageSurvey.BWS7_DeleteSurvey -->
