<?xml version="1.0" encoding="UTF-8"?>
<!-- Generated by org.testng.reporters.JUnitReportReporter -->
<testsuite hostname="AjithNS" failures="0" tests="1" name="superAdmin_ManageAdmin.BWS6_FilterAdmin" time="6.396" errors="0" timestamp="23 Jun 2021 12:52:21 GMT" skipped="0">
  <testcase classname="superAdmin_ManageAdmin.BWS6_FilterAdmin" name="FilterAdmin" time="6.396"/>
</testsuite> <!-- superAdmin_ManageAdmin.BWS6_FilterAdmin -->
