<?xml version="1.0" encoding="UTF-8"?>
<!-- Generated by org.testng.reporters.JUnitReportReporter -->
<testsuite hostname="AjithNS" failures="0" tests="1" name="superadmin_ViewUser.BWS2_ViewUser1" time="6.420" errors="0" timestamp="15 Jun 2021 18:25:59 GMT" skipped="0">
  <testcase classname="superadmin_ViewUser.BWS2_ViewUser1" name="ViewUser" time="6.420"/>
</testsuite> <!-- superadmin_ViewUser.BWS2_ViewUser1 -->
