<?xml version="1.0" encoding="UTF-8"?>
<!-- Generated by org.testng.reporters.JUnitReportReporter -->
<testsuite hostname="AjithNS" failures="0" tests="1" name="Group_ManageGroup.BWS4_EditGroup" time="35.174" errors="0" timestamp="24 Jun 2021 12:16:06 GMT" skipped="0">
  <testcase classname="Group_ManageGroup.BWS4_EditGroup" name="Login" time="35.174"/>
</testsuite> <!-- Group_ManageGroup.BWS4_EditGroup -->
