<?xml version="1.0" encoding="UTF-8"?>
<!-- Generated by org.testng.reporters.JUnitReportReporter -->
<testsuite hostname="AjithNS" failures="0" tests="1" name="admin_ManageUser.BWS1_Login" time="18.060" errors="0" timestamp="17 Jun 2021 12:17:25 GMT" skipped="0">
  <testcase classname="admin_ManageUser.BWS1_Login" name="Login" time="18.060"/>
</testsuite> <!-- admin_ManageUser.BWS1_Login -->
