<?xml version="1.0" encoding="UTF-8"?>
<!-- Generated by org.testng.reporters.JUnitReportReporter -->
<testsuite hostname="AjithNS" failures="0" tests="1" name="brandscapeModules.BWS5_DeleteAdmin" time="21.463" errors="0" timestamp="09 Jun 2021 14:26:49 GMT" skipped="0">
  <testcase classname="brandscapeModules.BWS5_DeleteAdmin" name="DeleteAdmin" time="21.463"/>
</testsuite> <!-- brandscapeModules.BWS5_DeleteAdmin -->
