<?xml version="1.0" encoding="UTF-8"?>
<!-- Generated by org.testng.reporters.JUnitReportReporter -->
<testsuite hostname="AjithNS" failures="0" tests="1" name="endUserProfile.PWA1_EndUserProfile" time="9.291" errors="0" timestamp="01 Jul 2021 14:31:07 GMT" skipped="0">
  <testcase classname="endUserProfile.PWA1_EndUserProfile" name="Profile" time="9.291"/>
</testsuite> <!-- endUserProfile.PWA1_EndUserProfile -->
