<?xml version="1.0" encoding="UTF-8"?>
<!-- Generated by org.testng.reporters.JUnitReportReporter -->
<testsuite hostname="AjithNS" failures="0" tests="1" name="superAdmin_ManageAdmin.BWS4_EditAdmin" time="4.443" errors="0" timestamp="24 Jun 2021 13:47:49 GMT" skipped="0">
  <testcase classname="superAdmin_ManageAdmin.BWS4_EditAdmin" name="EditAdmin" time="4.443"/>
</testsuite> <!-- superAdmin_ManageAdmin.BWS4_EditAdmin -->
