<?xml version="1.0" encoding="UTF-8"?>
<!-- Generated by org.testng.reporters.JUnitReportReporter -->
<testsuite hostname="AjithNS" failures="0" tests="1" name="brandscapeModules.BWS2_AddAdmin" time="9.403" errors="0" timestamp="10 Jun 2021 08:53:47 GMT" skipped="0">
  <testcase classname="brandscapeModules.BWS2_AddAdmin" name="AddAdmin" time="9.403"/>
</testsuite> <!-- brandscapeModules.BWS2_AddAdmin -->
