<?xml version="1.0" encoding="UTF-8"?>
<!-- Generated by org.testng.reporters.JUnitReportReporter -->
<testsuite hostname="AjithNS" failures="0" tests="1" name="superadmin_ManageProjects.BWS2_AddProjects" time="53.411" errors="0" timestamp="01 Jul 2021 15:11:20 GMT" skipped="0">
  <testcase classname="superadmin_ManageProjects.BWS2_AddProjects" name="Login" time="53.411"/>
</testsuite> <!-- superadmin_ManageProjects.BWS2_AddProjects -->
