<?xml version="1.0" encoding="UTF-8"?>
<!-- Generated by org.testng.reporters.JUnitReportReporter -->
<testsuite hostname="AjithNS" failures="0" tests="1" name="admin_ManageGroup.BWS4_EditGroup" time="13.839" errors="0" timestamp="28 Jun 2021 13:14:57 GMT" skipped="0">
  <testcase classname="admin_ManageGroup.BWS4_EditGroup" name="ViewGroup" time="13.839"/>
</testsuite> <!-- admin_ManageGroup.BWS4_EditGroup -->
