<?xml version="1.0" encoding="UTF-8"?>
<!-- Generated by org.testng.reporters.JUnitReportReporter -->
<testsuite hostname="AjithNS" failures="0" tests="1" name="brandscapeModules.BSW4_EditAdmin" time="20.802" errors="0" timestamp="09 Jun 2021 14:19:37 GMT" skipped="0">
  <testcase classname="brandscapeModules.BSW4_EditAdmin" name="EditAdmin" time="20.802"/>
</testsuite> <!-- brandscapeModules.BSW4_EditAdmin -->
