<?xml version="1.0" encoding="UTF-8"?>
<!-- Generated by org.testng.reporters.JUnitReportReporter -->
<testsuite hostname="AjithNS" failures="0" tests="1" name="superAdmin_ManageAdmin.BWS1_Login" time="29.801" errors="0" timestamp="30 Jun 2021 15:14:24 GMT" skipped="0">
  <testcase classname="superAdmin_ManageAdmin.BWS1_Login" name="Login" time="29.801"/>
</testsuite> <!-- superAdmin_ManageAdmin.BWS1_Login -->
