<?xml version="1.0" encoding="UTF-8"?>
<!-- Generated by org.testng.reporters.JUnitReportReporter -->
<testsuite hostname="AjithNS" failures="0" tests="1" name="admin_ManageUser.BWS4_FilterUser" time="29.828" errors="0" timestamp="10 Jun 2021 14:50:26 GMT" skipped="0">
  <testcase classname="admin_ManageUser.BWS4_FilterUser" name="FilterUser" time="29.828"/>
</testsuite> <!-- admin_ManageUser.BWS4_FilterUser -->
