<?xml version="1.0" encoding="UTF-8"?>
<!-- Generated by org.testng.reporters.JUnitReportReporter -->
<testsuite hostname="AjithNS" failures="0" tests="1" name="superadmin_ViewUser.BWS2_ViewUser$BWS1_Login" time="26.062" errors="0" timestamp="01 Jul 2021 12:59:08 GMT" skipped="0">
  <testcase classname="superadmin_ViewUser.BWS2_ViewUser$BWS1_Login" name="Login" time="26.062"/>
</testsuite> <!-- superadmin_ViewUser.BWS2_ViewUser$BWS1_Login -->
