<?xml version="1.0" encoding="UTF-8"?>
<!-- Generated by org.testng.reporters.JUnitReportReporter -->
<testsuite hostname="AjithNS" failures="0" tests="1" name="client_Profile.PWA_ClientLogin" time="41.794" errors="0" timestamp="23 Jun 2021 06:18:04 GMT" skipped="0">
  <testcase classname="client_Profile.PWA_ClientLogin" name="Login" time="41.794"/>
</testsuite> <!-- client_Profile.PWA_ClientLogin -->
