<?xml version="1.0" encoding="UTF-8"?>
<!-- Generated by org.testng.reporters.JUnitReportReporter -->
<testsuite hostname="AjithNS" failures="0" tests="1" name="admin_ManageUser.BWS2_ManageUser" time="40.722" errors="0" timestamp="10 Jun 2021 12:07:32 GMT" skipped="0">
  <testcase classname="admin_ManageUser.BWS2_ManageUser" name="AddUser" time="40.722"/>
</testsuite> <!-- admin_ManageUser.BWS2_ManageUser -->
