<?xml version="1.0" encoding="UTF-8"?>
<!-- Generated by org.testng.reporters.JUnitReportReporter -->
<testsuite hostname="AjithNS" failures="0" tests="1" name="superadmin_ViewUser.BWS6_FilterUser" time="12.375" errors="0" timestamp="15 Jun 2021 18:01:38 GMT" skipped="0">
  <testcase classname="superadmin_ViewUser.BWS6_FilterUser" name="FilterUser" time="12.375"/>
</testsuite> <!-- superadmin_ViewUser.BWS6_FilterUser -->
